<?xml version="1.0" encoding="UTF-8"?>
<!-- Generated by org.testng.reporters.JUnitXMLReporter -->
<testsuite ignored="0" hostname="DESKTOP-NMKE7HS" failures="1" tests="1" name="On Firefox" time="0.229" errors="0" timestamp="2022-12-23T20:02:54 IST">
  <testcase classname="com.ebanking.master.Sgrid" name="Gd" time="0.0">
    <failure type="org.testng.TestNGException" message="
Cannot inject @Test annotated Method [Gd] with [class java.lang.String].
For more information on native dependency injection please refer to https://testng.org/doc/documentation-main.html#native-dependency-injection">
      <![CDATA[org.testng.TestNGException: 
Cannot inject @Test annotated Method [Gd] with [class java.lang.String].
For more information on native dependency injection please refer to https://testng.org/doc/documentation-main.html#native-dependency-injection
at java.base/java.util.ArrayList.forEach(ArrayList.java:1541)
... Removed 26 stack frames]]>
    </failure>
  </testcase> <!-- Gd -->
</testsuite> <!-- On Firefox -->
