<?xml version="1.0" encoding="UTF-8"?>
<!-- Generated by org.testng.reporters.JUnitXMLReporter -->
<testsuite ignored="4" hostname="DESKTOP-NMKE7HS" failures="0" tests="6" name="Test" time="11.796" errors="0" timestamp="2022-11-29T18:12:21 IST">
  <testcase classname="com.ebanking.master.RoleNg" name="Rol" time="1.547"/>
  <testcase classname="com.ebanking.master.RoleNg" name="Rol" time="1.151"/>
  <testcase classname="com.ebanking.master.RoleNg" name="Rol" time="1.167"/>
  <testcase classname="com.ebanking.master.BranchNg" name="Branch" time="2.599"/>
  <testcase classname="com.ebanking.master.BranchNg" name="Branch" time="2.047"/>
  <testcase classname="com.ebanking.master.BranchNg" name="Branch" time="1.844"/>
  <testcase classname="com.ebanking.master.Base" name="@BeforeSuite beforeSuite" time="0.0">
    <ignored/>
  </testcase> <!-- @BeforeSuite beforeSuite -->
  <testcase classname="com.ebanking.master.Base" name="@AfterSuite afterSuite" time="0.0">
    <ignored/>
  </testcase> <!-- @AfterSuite afterSuite -->
  <testcase classname="com.ebanking.master.Base" name="@BeforeTest beforeTest" time="0.0">
    <ignored/>
  </testcase> <!-- @BeforeTest beforeTest -->
  <testcase classname="com.ebanking.master.Base" name="@AfterTest afterTest" time="0.0">
    <ignored/>
  </testcase> <!-- @AfterTest afterTest -->
</testsuite> <!-- Test -->
